
**** Build of configuration Release for project Coop ****

make all 
Building file: D:/Users/pvloon/My Sources/Arduino/libraries/Timer/Event.cpp
Invoking: AVR C++ Compiler
avr-g++ -I"D:\arduino-1.0.6\hardware\arduino\cores\arduino" -I"D:\arduino-1.0.6\hardware\arduino\variants\standard" -I"D:\Users\pvloon\My Sources\E-Arduino\Coop" -I"D:\Users\pvloon\My Sources\E-Arduino\Ethernet" -I"D:\Users\pvloon\My Sources\E-Arduino\SharedFiles" -I"D:\Users\pvloon\My Sources\Arduino\libraries\Timer" -I"D:\Users\pvloon\My Sources\Arduino\libraries\DHT11" -I"D:\arduino-1.0.6\libraries\SPI" -D__IN_ECLIPSE__=1 -DARDUINO=106 -DUSB_PID= -DUSB_VID= -Wall -Os -ffunction-sections -fdata-sections -fno-exceptions -g -mmcu=atmega328p -DF_CPU=8000000UL -MMD -MP -MF"Timer/Event.d" -MT"Timer/Event.d"  -c -o "Timer/Event.o" -x c++ "D:/Users/pvloon/My Sources/Arduino/libraries/Timer/Event.cpp"
D:/Users/pvloon/My Sources/Arduino/libraries/Timer/Event.cpp: In member function 'void Event::update()':
Finished building: D:/Users/pvloon/My Sources/Arduino/libraries/Timer/Event.cpp
D:/Users/pvloon/My Sources/Arduino/libraries/Timer/Event.cpp:37: warning: comparison between signed and unsigned integer expressions
 
Building file: D:/Users/pvloon/My Sources/Arduino/libraries/Timer/Timer.cpp
Invoking: AVR C++ Compiler
avr-g++ -I"D:\arduino-1.0.6\hardware\arduino\cores\arduino" -I"D:\arduino-1.0.6\hardware\arduino\variants\standard" -I"D:\Users\pvloon\My Sources\E-Arduino\Coop" -I"D:\Users\pvloon\My Sources\E-Arduino\Ethernet" -I"D:\Users\pvloon\My Sources\E-Arduino\SharedFiles" -I"D:\Users\pvloon\My Sources\Arduino\libraries\Timer" -I"D:\Users\pvloon\My Sources\Arduino\libraries\DHT11" -I"D:\arduino-1.0.6\libraries\SPI" -D__IN_ECLIPSE__=1 -DARDUINO=106 -DUSB_PID= -DUSB_VID= -Wall -Os -ffunction-sections -fdata-sections -fno-exceptions -g -mmcu=atmega328p -DF_CPU=8000000UL -MMD -MP -MF"Timer/Timer.d" -MT"Timer/Timer.d"  -c -o "Timer/Timer.o" -x c++ "D:/Users/pvloon/My Sources/Arduino/libraries/Timer/Timer.cpp"
Finished building: D:/Users/pvloon/My Sources/Arduino/libraries/Timer/Timer.cpp
 
Building file: D:/arduino-1.0.6/libraries/SPI/SPI.cpp
Invoking: AVR C++ Compiler
avr-g++ -I"D:\arduino-1.0.6\hardware\arduino\cores\arduino" -I"D:\arduino-1.0.6\hardware\arduino\variants\standard" -I"D:\Users\pvloon\My Sources\E-Arduino\Coop" -I"D:\Users\pvloon\My Sources\E-Arduino\Ethernet" -I"D:\Users\pvloon\My Sources\E-Arduino\SharedFiles" -I"D:\Users\pvloon\My Sources\Arduino\libraries\Timer" -I"D:\Users\pvloon\My Sources\Arduino\libraries\DHT11" -I"D:\arduino-1.0.6\libraries\SPI" -D__IN_ECLIPSE__=1 -DARDUINO=106 -DUSB_PID= -DUSB_VID= -Wall -Os -ffunction-sections -fdata-sections -fno-exceptions -g -mmcu=atmega328p -DF_CPU=8000000UL -MMD -MP -MF"SPI/SPI.d" -MT"SPI/SPI.d"  -c -o "SPI/SPI.o" -x c++ "D:/arduino-1.0.6/libraries/SPI/SPI.cpp"
Finished building: D:/arduino-1.0.6/libraries/SPI/SPI.cpp
 
Building file: D:/Users/pvloon/My Sources/Arduino/libraries/DHT11/dht11.cpp
Invoking: AVR C++ Compiler
avr-g++ -I"D:\arduino-1.0.6\hardware\arduino\cores\arduino" -I"D:\arduino-1.0.6\hardware\arduino\variants\standard" -I"D:\Users\pvloon\My Sources\E-Arduino\Coop" -I"D:\Users\pvloon\My Sources\E-Arduino\Ethernet" -I"D:\Users\pvloon\My Sources\E-Arduino\SharedFiles" -I"D:\Users\pvloon\My Sources\Arduino\libraries\Timer" -I"D:\Users\pvloon\My Sources\Arduino\libraries\DHT11" -I"D:\arduino-1.0.6\libraries\SPI" -D__IN_ECLIPSE__=1 -DARDUINO=106 -DUSB_PID= -DUSB_VID= -Wall -Os -ffunction-sections -fdata-sections -fno-exceptions -g -mmcu=atmega328p -DF_CPU=8000000UL -MMD -MP -MF"DHT11/dht11.d" -MT"DHT11/dht11.d"  -c -o "DHT11/dht11.o" -x c++ "D:/Users/pvloon/My Sources/Arduino/libraries/DHT11/dht11.cpp"
Finished building: D:/Users/pvloon/My Sources/Arduino/libraries/DHT11/dht11.cpp
 
Building file: ../Coop.cpp
Invoking: AVR C++ Compiler
avr-g++ -I"D:\arduino-1.0.6\hardware\arduino\cores\arduino" -I"D:\arduino-1.0.6\hardware\arduino\variants\standard" -I"D:\Users\pvloon\My Sources\E-Arduino\Coop" -I"D:\Users\pvloon\My Sources\E-Arduino\Ethernet" -I"D:\Users\pvloon\My Sources\E-Arduino\SharedFiles" -I"D:\Users\pvloon\My Sources\Arduino\libraries\Timer" -I"D:\Users\pvloon\My Sources\Arduino\libraries\DHT11" -I"D:\arduino-1.0.6\libraries\SPI" -D__IN_ECLIPSE__=1 -DARDUINO=106 -DUSB_PID= -DUSB_VID= -Wall -Os -ffunction-sections -fdata-sections -fno-exceptions -g -mmcu=atmega328p -DF_CPU=8000000UL -MMD -MP -MF"Coop.d" -MT"Coop.d"  -c -o "Coop.o" -x c++ "../Coop.cpp"
Finished building: ../Coop.cpp
 
Building file: ../Led.cpp
Invoking: AVR C++ Compiler
avr-g++ -I"D:\arduino-1.0.6\hardware\arduino\cores\arduino" -I"D:\arduino-1.0.6\hardware\arduino\variants\standard" -I"D:\Users\pvloon\My Sources\E-Arduino\Coop" -I"D:\Users\pvloon\My Sources\E-Arduino\Ethernet" -I"D:\Users\pvloon\My Sources\E-Arduino\SharedFiles" -I"D:\Users\pvloon\My Sources\Arduino\libraries\Timer" -I"D:\Users\pvloon\My Sources\Arduino\libraries\DHT11" -I"D:\arduino-1.0.6\libraries\SPI" -D__IN_ECLIPSE__=1 -DARDUINO=106 -DUSB_PID= -DUSB_VID= -Wall -Os -ffunction-sections -fdata-sections -fno-exceptions -g -mmcu=atmega328p -DF_CPU=8000000UL -MMD -MP -MF"Led.d" -MT"Led.d"  -c -o "Led.o" -x c++ "../Led.cpp"
Finished building: ../Led.cpp
 
Building file: ../web.cpp
Invoking: AVR C++ Compiler
avr-g++ -I"D:\arduino-1.0.6\hardware\arduino\cores\arduino" -I"D:\arduino-1.0.6\hardware\arduino\variants\standard" -I"D:\Users\pvloon\My Sources\E-Arduino\Coop" -I"D:\Users\pvloon\My Sources\E-Arduino\Ethernet" -I"D:\Users\pvloon\My Sources\E-Arduino\SharedFiles" -I"D:\Users\pvloon\My Sources\Arduino\libraries\Timer" -I"D:\Users\pvloon\My Sources\Arduino\libraries\DHT11" -I"D:\arduino-1.0.6\libraries\SPI" -D__IN_ECLIPSE__=1 -DARDUINO=106 -DUSB_PID= -DUSB_VID= -Wall -Os -ffunction-sections -fdata-sections -fno-exceptions -g -mmcu=atmega328p -DF_CPU=8000000UL -MMD -MP -MF"web.d" -MT"web.d"  -c -o "web.o" -x c++ "../web.cpp"
../web.cpp: In function 'void postMessage(uint8_t, uint8_t)':
../web.cpp:134: error: 'printSensorValues' was not declared in this scope
../web.cpp:139: error: 'printSimpleResponse' was not declared in this scope
make: *** [web.o] Error 1

**** Build Finished ****
