
**** Build of configuration Release for project RFNetwSensor ****

make all 
Building file: D:/Users/pvloon/My Sources/Arduino/libraries/RF24Network/RF24Network.cpp
Invoking: AVR C++ Compiler
avr-g++ -I../RFNetwSensor/Mine_ATmega328__3_3V__Ext_8_MHz_/arduino -I../RFNetwSensor/Mine_ATmega328__3_3V__Ext_8_MHz_/standard -I../RFNetwSensor/RFNetwSensor -I../RFNetwSensor/RFNetwSensor/RF24Network -I../RFNetwSensor/RFNetwSensor/RF24 -I"D:/Users/pvloon/My Sources/E-Arduino/RFNetwSensor/RFNetwSensor/SPI" -I"D:/Users/pvloon/My Sources/E-Arduino/RFNetwSensor/leonardo_test" -I../RFNetwSensor/SPI -D__IN_ECLIPSE__=1 -DARDUINO=101 -DUSB_PID= -DUSB_VID= -Wall -Os -ffunction-sections -fdata-sections -fno-exceptions -g -mmcu=atmega328p -DF_CPU=8000000UL -MMD -MP -MF"RF24Network/RF24Network.d" -MT"RF24Network/RF24Network.d"  -c -o "RF24Network/RF24Network.o" -x c++ "D:/Users/pvloon/My Sources/Arduino/libraries/RF24Network/RF24Network.cpp"
In file included from D:/Users/pvloon/My Sources/Arduino/libraries/RF24Network/RF24Network.cpp:9:
D:/Users/pvloon/My Sources/Arduino/libraries/RF24Network/RF24Network_config.h:16:21: warning: Arduino.h: No such file or directory
D:/Users/pvloon/My Sources/Arduino/libraries/RF24Network/RF24Network.cpp:10:18: error: RF24.h: No such file or directory
D:/Users/pvloon/My Sources/Arduino/libraries/RF24Network/RF24Network.cpp: In member function 'void RF24Network::begin(uint8_t, uint16_t)':
D:/Users/pvloon/My Sources/Arduino/libraries/RF24Network/RF24Network.cpp:34: error: invalid use of incomplete type 'struct RF24'
D:/Users/pvloon/My Sources/Arduino/libraries/RF24Network/RF24Network.h:21: error: forward declaration of 'struct RF24'
D:/Users/pvloon/My Sources/Arduino/libraries/RF24Network/RF24Network.cpp:35: error: invalid use of incomplete type 'struct RF24'
D:/Users/pvloon/My Sources/Arduino/libraries/RF24Network/RF24Network.h:21: error: forward declaration of 'struct RF24'
D:/Users/pvloon/My Sources/Arduino/libraries/RF24Network/RF24Network.cpp:35: error: 'RF24_1MBPS' was not declared in this scope
D:/Users/pvloon/My Sources/Arduino/libraries/RF24Network/RF24Network.cpp:36: error: invalid use of incomplete type 'struct RF24'
D:/Users/pvloon/My Sources/Arduino/libraries/RF24Network/RF24Network.h:21: error: forward declaration of 'struct RF24'
D:/Users/pvloon/My Sources/Arduino/libraries/RF24Network/RF24Network.cpp:36: error: 'RF24_CRC_16' was not declared in this scope
D:/Users/pvloon/My Sources/Arduino/libraries/RF24Network/RF24Network.cpp:44: error: invalid use of incomplete type 'struct RF24'
D:/Users/pvloon/My Sources/Arduino/libraries/RF24Network/RF24Network.h:21: error: forward declaration of 'struct RF24'
D:/Users/pvloon/My Sources/Arduino/libraries/RF24Network/RF24Network.cpp:45: error: invalid use of incomplete type 'struct RF24'
D:/Users/pvloon/My Sources/Arduino/libraries/RF24Network/RF24Network.h:21: error: forward declaration of 'struct RF24'
D:/Users/pvloon/My Sources/Arduino/libraries/RF24Network/RF24Network.cpp:48: error: invalid use of incomplete type 'struct RF24'
D:/Users/pvloon/My Sources/Arduino/libraries/RF24Network/RF24Network.h:21: error: forward declaration of 'struct RF24'
D:/Users/pvloon/My Sources/Arduino/libraries/RF24Network/RF24Network.cpp: In member function 'void RF24Network::update()':
D:/Users/pvloon/My Sources/Arduino/libraries/RF24Network/RF24Network.cpp:57: error: invalid use of incomplete type 'struct RF24'
D:/Users/pvloon/My Sources/Arduino/libraries/RF24Network/RF24Network.h:21: error: forward declaration of 'struct RF24'
D:/Users/pvloon/My Sources/Arduino/libraries/RF24Network/RF24Network.cpp:60: error: 'boolean' was not declared in this scope
D:/Users/pvloon/My Sources/Arduino/libraries/RF24Network/RF24Network.cpp:60: error: expected `;' before 'done'
D:/Users/pvloon/My Sources/Arduino/libraries/RF24Network/RF24Network.cpp:61: error: 'done' was not declared in this scope
D:/Users/pvloon/My Sources/Arduino/libraries/RF24Network/RF24Network.cpp:64: error: invalid use of incomplete type 'struct RF24'
D:/Users/pvloon/My Sources/Arduino/libraries/RF24Network/RF24Network.h:21: error: forward declaration of 'struct RF24'
D:/Users/pvloon/My Sources/Arduino/libraries/RF24Network/RF24Network.cpp: In member function 'bool RF24Network::enqueue()':
D:/Users/pvloon/My Sources/Arduino/libraries/RF24Network/RF24Network.cpp:114: error: 'memcpy' was not declared in this scope
D:/Users/pvloon/My Sources/Arduino/libraries/RF24Network/RF24Network.cpp: In member function 'void RF24Network::peek(RF24NetworkHeader&)':
D:/Users/pvloon/My Sources/Arduino/libraries/RF24Network/RF24Network.cpp:143: error: 'memcpy' was not declared in this scope
D:/Users/pvloon/My Sources/Arduino/libraries/RF24Network/RF24Network.cpp: In member function 'size_t RF24Network::read(RF24NetworkHeader&, void*, size_t)':
D:/Users/pvloon/My Sources/Arduino/libraries/RF24Network/RF24Network.cpp:160: error: 'min' was not declared in this scope
D:/Users/pvloon/My Sources/Arduino/libraries/RF24Network/RF24Network.cpp:163: error: 'memcpy' was not declared in this scope
D:/Users/pvloon/My Sources/Arduino/libraries/RF24Network/RF24Network.cpp: In member function 'bool RF24Network::write(RF24NetworkHeader&, const void*, size_t)':
D:/Users/pvloon/My Sources/Arduino/libraries/RF24Network/RF24Network.cpp:180: error: 'memcpy' was not declared in this scope
D:/Users/pvloon/My Sources/Arduino/libraries/RF24Network/RF24Network.cpp:182: error: 'min' was not declared in this scope
D:/Users/pvloon/My Sources/Arduino/libraries/RF24Network/RF24Network.cpp: In member function 'bool RF24Network::write(uint16_t)':
D:/Users/pvloon/My Sources/Arduino/libraries/RF24Network/RF24Network.cpp:238: error: invalid use of incomplete type 'struct RF24'
D:/Users/pvloon/My Sources/Arduino/libraries/RF24Network/RF24Network.h:21: error: forward declaration of 'struct RF24'
D:/Users/pvloon/My Sources/Arduino/libraries/RF24Network/RF24Network.cpp:254: error: invalid use of incomplete type 'struct RF24'
D:/Users/pvloon/My Sources/Arduino/libraries/RF24Network/RF24Network.h:21: error: forward declaration of 'struct RF24'
D:/Users/pvloon/My Sources/Arduino/libraries/RF24Network/RF24Network.cpp: In member function 'bool RF24Network::write_to_pipe(uint16_t, uint8_t)':
D:/Users/pvloon/My Sources/Arduino/libraries/RF24Network/RF24Network.cpp:268: error: invalid use of incomplete type 'struct RF24'
D:/Users/pvloon/My Sources/Arduino/libraries/RF24Network/RF24Network.h:21: error: forward declaration of 'struct RF24'
D:/Users/pvloon/My Sources/Arduino/libraries/RF24Network/RF24Network.cpp:274: error: invalid use of incomplete type 'struct RF24'
D:/Users/pvloon/My Sources/Arduino/libraries/RF24Network/RF24Network.h:21: error: forward declaration of 'struct RF24'
D:/Users/pvloon/My Sources/Arduino/libraries/RF24Network/RF24Network.cpp: In member function 'const char* RF24NetworkHeader::toString() const':
D:/Users/pvloon/My Sources/Arduino/libraries/RF24Network/RF24Network.cpp:288: warning: only initialized variables can be placed into program memory area
D:/Users/pvloon/My Sources/Arduino/libraries/RF24Network/RF24Network.cpp:288: error: 'snprintf_P' was not declared in this scope
D:/Users/pvloon/My Sources/Arduino/libraries/RF24Network/RF24Network.cpp: In function 'bool is_valid_address(uint16_t)':
D:/Users/pvloon/My Sources/Arduino/libraries/RF24Network/RF24Network.cpp:392: warning: only initialized variables can be placed into program memory area
D:/Users/pvloon/My Sources/Arduino/libraries/RF24Network/RF24Network.cpp:392: error: 'printf_P' was not declared in this scope
make: *** [RF24Network/RF24Network.o] Error 1

**** Build Finished ****
